\BOOKMARK [1][-]{.1}{\376\377\000C\000o\000n\000t\000e\000n\000t\000s}{}% 1
\BOOKMARK [0][]{chapter*.2}{\376\377\000A\000b\000s\000t\000r\000a\000c\000t}{}% 2
\BOOKMARK [0][]{chapter*.3}{\376\377\000A\000c\000k\000n\000o\000w\000l\000e\000d\000g\000m\000e\000n\000t\000s}{}% 3
\BOOKMARK [0][]{chapter.1}{\376\377\0001\000\040\000I\000n\000t\000r\000o\000d\000u\000c\000t\000i\000o\000n}{}% 4
\BOOKMARK [1][-]{section.1.1}{\376\377\0001\000.\0001\000\040\000B\000a\000c\000k\000g\000r\000o\000u\000n\000d\000\040}{chapter.1}% 5
\BOOKMARK [1][-]{section.1.2}{\376\377\0001\000.\0002\000\040\000O\000b\000j\000e\000c\000t\000i\000v\000e\000\040}{chapter.1}% 6
\BOOKMARK [0][]{chapter.2}{\376\377\0002\000\040\000D\000a\000t\000a}{}% 7
\BOOKMARK [1][-]{section.2.1}{\376\377\0002\000.\0001\000\040\000D\000a\000t\000a\000\040\000s\000o\000u\000r\000c\000e\000s}{chapter.2}% 8
\BOOKMARK [1][-]{section.2.2}{\376\377\0002\000.\0002\000\040\000D\000a\000t\000a\000\040\000d\000e\000s\000c\000r\000i\000p\000t\000i\000o\000n}{chapter.2}% 9
\BOOKMARK [1][-]{section.2.3}{\376\377\0002\000.\0003\000\040\000D\000a\000t\000a\000\040\000p\000r\000e\000p\000r\000o\000c\000e\000s\000s\000i\000n\000g}{chapter.2}% 10
\BOOKMARK [0][]{chapter.3}{\376\377\0003\000\040\000M\000e\000t\000h\000o\000d\000s}{}% 11
\BOOKMARK [1][-]{section.3.1}{\376\377\0003\000.\0001\000\040\000S\000u\000r\000v\000e\000y\000\040\000o\000f\000\040\000e\000x\000i\000s\000t\000i\000n\000g\000\040\000m\000e\000t\000h\000o\000d\000s}{chapter.3}% 12
\BOOKMARK [1][-]{section.3.2}{\376\377\0003\000.\0002\000\040\000T\000e\000c\000h\000n\000i\000c\000a\000l\000\040\000a\000s\000p\000e\000c\000t\000s}{chapter.3}% 13
\BOOKMARK [1][-]{section.3.3}{\376\377\0003\000.\0003\000\040\000M\000a\000r\000k\000o\000v\000\040\000c\000h\000a\000i\000n\000s}{chapter.3}% 14
\BOOKMARK [1][-]{section.3.4}{\376\377\0003\000.\0004\000\040\000M\000a\000r\000k\000o\000v\000\040\000s\000w\000i\000t\000c\000h\000i\000n\000g\000\040\000m\000o\000d\000e\000l}{chapter.3}% 15
\BOOKMARK [2][-]{subsection.3.4.1}{\376\377\0003\000.\0004\000.\0001\000\040\000A\000u\000t\000o\000r\000e\000g\000r\000e\000s\000s\000i\000v\000e\000\040\000\050\000A\000R\000\051\000\040\000m\000o\000d\000e\000l}{section.3.4}% 16
\BOOKMARK [2][-]{subsection.3.4.2}{\376\377\0003\000.\0004\000.\0002\000\040\000M\000a\000r\000k\000o\000v\000\040\000s\000w\000i\000t\000c\000h\000i\000n\000g\000\040\000a\000u\000t\000o\000r\000e\000g\000r\000e\000s\000s\000i\000v\000e\000\040\000m\000o\000d\000e\000l}{section.3.4}% 17
\BOOKMARK [1][-]{section.3.5}{\376\377\0003\000.\0005\000\040\000P\000a\000r\000a\000m\000e\000t\000e\000r\000\040\000e\000s\000t\000i\000m\000a\000t\000i\000o\000n}{chapter.3}% 18
\BOOKMARK [2][-]{subsection.3.5.1}{\376\377\0003\000.\0005\000.\0001\000\040\000T\000h\000e\000\040\000E\000x\000p\000e\000c\000t\000a\000t\000i\000o\000n\000-\000M\000a\000x\000i\000m\000i\000z\000a\000t\000i\000o\000n\000\040\000a\000l\000g\000o\000r\000i\000t\000h\000m}{section.3.5}% 19
\BOOKMARK [1][-]{section.3.6}{\376\377\0003\000.\0006\000\040\000S\000t\000a\000t\000e\000\040\000p\000r\000e\000d\000i\000c\000t\000i\000o\000n}{chapter.3}% 20
\BOOKMARK [1][-]{section.3.7}{\376\377\0003\000.\0007\000\040\000M\000o\000d\000e\000l\000\040\000s\000e\000l\000e\000c\000t\000i\000o\000n}{chapter.3}% 21
\BOOKMARK [1][-]{section.3.8}{\376\377\0003\000.\0008\000\040\000N\000o\000n\000-\000p\000a\000r\000a\000m\000e\000t\000r\000i\000c\000\040\000a\000n\000a\000l\000y\000s\000i\000s}{chapter.3}% 22
\BOOKMARK [1][-]{section.3.9}{\376\377\0003\000.\0009\000\040\000S\000i\000m\000u\000l\000a\000t\000i\000o\000n\000\040\000s\000t\000u\000d\000y\000\040\000f\000o\000r\000\040\000m\000o\000d\000e\000l\000\040\000e\000v\000a\000l\000u\000a\000t\000i\000o\000n\000\040}{chapter.3}% 23
\BOOKMARK [0][]{chapter.4}{\376\377\0004\000\040\000R\000e\000s\000u\000l\000t\000s}{}% 24
\BOOKMARK [1][-]{section.4.1}{\376\377\0004\000.\0001\000\040\000A\000n\000a\000l\000y\000s\000i\000s\000\040\000I\000:\000\040\000N\000u\000m\000b\000e\000r\000\040\000o\000f\000\040\000S\000t\000a\000t\000e\000s\000\040}{chapter.4}% 25
\BOOKMARK [2][-]{subsection.4.1.1}{\376\377\0004\000.\0001\000.\0001\000\040\000S\000o\000f\000t\000w\000a\000r\000e\000\040\000r\000e\000l\000e\000a\000s\000e\000\040\000A}{section.4.1}% 26
\BOOKMARK [2][-]{subsection.4.1.2}{\376\377\0004\000.\0001\000.\0002\000\040\000S\000o\000f\000t\000w\000a\000r\000e\000\040\000r\000e\000l\000e\000a\000s\000e\000\040\000B}{section.4.1}% 27
\BOOKMARK [2][-]{subsection.4.1.3}{\376\377\0004\000.\0001\000.\0003\000\040\000S\000o\000f\000t\000w\000a\000r\000e\000\040\000r\000e\000l\000e\000a\000s\000e\000\040\000C}{section.4.1}% 28
\BOOKMARK [1][-]{section.4.2}{\376\377\0004\000.\0002\000\040\000A\000n\000a\000l\000y\000s\000i\000s\000\040\000I\000I\000:\000\040\000N\000u\000m\000b\000e\000r\000\040\000o\000f\000\040\000S\000w\000i\000t\000c\000h\000i\000n\000g\000\040\000c\000o\000e\000f\000f\000i\000c\000i\000e\000n\000t\000s\000\040}{chapter.4}% 29
\BOOKMARK [2][-]{subsection.4.2.1}{\376\377\0004\000.\0002\000.\0001\000\040\000S\000o\000f\000t\000w\000a\000r\000e\000\040\000r\000e\000l\000e\000a\000s\000e\000\040\000A}{section.4.2}% 30
\BOOKMARK [2][-]{subsection.4.2.2}{\376\377\0004\000.\0002\000.\0002\000\040\000S\000o\000f\000t\000w\000a\000r\000e\000\040\000r\000e\000l\000e\000a\000s\000e\000\040\000B}{section.4.2}% 31
\BOOKMARK [2][-]{subsection.4.2.3}{\376\377\0004\000.\0002\000.\0003\000\040\000S\000o\000f\000t\000w\000a\000r\000e\000\040\000r\000e\000l\000e\000a\000s\000e\000\040\000C}{section.4.2}% 32
\BOOKMARK [1][-]{section.4.3}{\376\377\0004\000.\0003\000\040\000R\000e\000s\000i\000d\000u\000a\000l\000\040\000a\000n\000a\000l\000y\000s\000i\000s}{chapter.4}% 33
\BOOKMARK [2][-]{subsection.4.3.1}{\376\377\0004\000.\0003\000.\0001\000\040\000S\000o\000f\000t\000w\000a\000r\000e\000\040\000r\000e\000l\000e\000a\000s\000e\000\040\000A}{section.4.3}% 34
\BOOKMARK [2][-]{subsection.4.3.2}{\376\377\0004\000.\0003\000.\0002\000\040\000S\000o\000f\000t\000w\000a\000r\000e\000\040\000r\000e\000l\000e\000a\000s\000e\000\040\000B}{section.4.3}% 35
\BOOKMARK [2][-]{subsection.4.3.3}{\376\377\0004\000.\0003\000.\0003\000\040\000S\000o\000f\000t\000w\000a\000r\000e\000\040\000r\000e\000l\000e\000a\000s\000e\000\040\000C}{section.4.3}% 36
\BOOKMARK [1][-]{section.4.4}{\376\377\0004\000.\0004\000\040\000N\000o\000n\000-\000p\000a\000r\000a\000m\000e\000t\000r\000i\000c\000\040\000a\000n\000a\000l\000y\000s\000i\000s}{chapter.4}% 37
\BOOKMARK [1][-]{section.4.5}{\376\377\0004\000.\0005\000\040\000C\000o\000m\000p\000a\000r\000i\000s\000o\000n\000\040\000b\000e\000t\000w\000e\000e\000n\000\040\000t\000h\000e\000\040\000M\000a\000r\000k\000o\000v\000\040\000s\000w\000i\000t\000c\000h\000i\000n\000g\000\040\000m\000o\000d\000e\000l\000\040\000a\000n\000d\000\040\000t\000h\000e\000\040\000E\000-\000d\000i\000v\000i\000s\000i\000v\000e\000\040\000m\000e\000t\000h\000o\000d}{chapter.4}% 38
\BOOKMARK [2][-]{subsection.4.5.1}{\376\377\0004\000.\0005\000.\0001\000\040\000S\000i\000m\000u\000l\000a\000t\000e\000d\000\040\000D\000a\000t\000a\000s\000e\000t\000\040\0001}{section.4.5}% 39
\BOOKMARK [2][-]{subsection.4.5.2}{\376\377\0004\000.\0005\000.\0002\000\040\000S\000i\000m\000u\000l\000a\000t\000e\000d\000\040\000D\000a\000t\000a\000s\000e\000t\000\040\0002}{section.4.5}% 40
\BOOKMARK [2][-]{subsection.4.5.3}{\376\377\0004\000.\0005\000.\0003\000\040\000R\000e\000a\000l\000\040\000d\000a\000t\000a\000\040}{section.4.5}% 41
\BOOKMARK [1][-]{section.4.6}{\376\377\0004\000.\0006\000\040\000P\000r\000e\000d\000i\000c\000t\000i\000n\000g\000\040\000t\000h\000e\000\040\000s\000t\000a\000t\000e\000\040\000o\000f\000\040\000t\000h\000e\000\040\000C\000P\000U\000\040\000u\000t\000i\000l\000i\000z\000a\000t\000i\000o\000n\000\040}{chapter.4}% 42
\BOOKMARK [2][-]{subsection.4.6.1}{\376\377\0004\000.\0006\000.\0001\000\040\000S\000o\000f\000t\000w\000a\000r\000e\000\040\000r\000e\000l\000e\000a\000s\000e\000\040\000A}{section.4.6}% 43
\BOOKMARK [2][-]{subsection.4.6.2}{\376\377\0004\000.\0006\000.\0002\000\040\000S\000o\000f\000t\000w\000a\000r\000e\000\040\000r\000e\000l\000e\000a\000s\000e\000\040\000B}{section.4.6}% 44
\BOOKMARK [2][-]{subsection.4.6.3}{\376\377\0004\000.\0006\000.\0003\000\040\000S\000o\000f\000t\000w\000a\000r\000e\000\040\000r\000e\000l\000e\000a\000s\000e\000\040\000C}{section.4.6}% 45
\BOOKMARK [1][-]{section.4.7}{\376\377\0004\000.\0007\000\040\000M\000o\000d\000e\000l\000\040\000e\000v\000a\000l\000u\000a\000t\000i\000o\000n\000\040}{chapter.4}% 46
\BOOKMARK [2][-]{subsection.4.7.1}{\376\377\0004\000.\0007\000.\0001\000\040\000S\000i\000m\000u\000l\000a\000t\000e\000d\000\040\000D\000a\000t\000a\000s\000e\000t\000\040\0001}{section.4.7}% 47
\BOOKMARK [2][-]{subsection.4.7.2}{\376\377\0004\000.\0007\000.\0002\000\040\000S\000i\000m\000u\000l\000a\000t\000e\000d\000\040\000D\000a\000t\000a\000s\000e\000t\000\040\0002}{section.4.7}% 48
\BOOKMARK [0][]{chapter.5}{\376\377\0005\000\040\000D\000i\000s\000c\000u\000s\000s\000i\000o\000n}{}% 49
\BOOKMARK [1][-]{section.5.1}{\376\377\0005\000.\0001\000\040\000M\000o\000d\000e\000l\000\040\000s\000e\000l\000e\000c\000t\000i\000o\000n\000\040}{chapter.5}% 50
\BOOKMARK [1][-]{section.5.2}{\376\377\0005\000.\0002\000\040\000S\000t\000a\000t\000e\000\040\000i\000n\000f\000e\000r\000e\000n\000c\000e}{chapter.5}% 51
\BOOKMARK [1][-]{section.5.3}{\376\377\0005\000.\0003\000\040\000T\000e\000s\000t\000\040\000e\000n\000v\000i\000r\000o\000n\000m\000e\000n\000t}{chapter.5}% 52
\BOOKMARK [1][-]{section.5.4}{\376\377\0005\000.\0004\000\040\000R\000e\000s\000u\000l\000t\000s\000\040\000d\000i\000s\000c\000u\000s\000s\000i\000o\000n}{chapter.5}% 53
\BOOKMARK [0][]{chapter.6}{\376\377\0006\000\040\000C\000o\000n\000c\000l\000u\000s\000i\000o\000n\000s}{}% 54
\BOOKMARK [1][-]{section.6.1}{\376\377\0006\000.\0001\000\040\000F\000u\000t\000u\000r\000e\000\040\000w\000o\000r\000k}{chapter.6}% 55
\BOOKMARK [0][]{appendix.A}{\376\377\000A\000\040\000I\000m\000p\000l\000e\000m\000e\000n\000t\000a\000t\000i\000o\000n\000\040\000i\000n\000\040\000R}{}% 56
\BOOKMARK [1][-]{section.A.1}{\376\377\000A\000.\0001\000\040\000E\000v\000e\000n\000t\000s\000P\000e\000r\000S\000e\000c}{appendix.A}% 57
\BOOKMARK [1][-]{section.A.2}{\376\377\000A\000.\0002\000\040\000M\000S\000w\000M\000\040\000P\000a\000c\000k\000a\000g\000e}{appendix.A}% 58
\BOOKMARK [0][]{appendix.B}{\376\377\000B\000\040\000O\000u\000t\000p\000u\000t\000\040}{}% 59
